[INFO  - 2016-07-28T07:57:02.849Z] GhostDriver - Main - running on port 41829
[INFO  - 2016-07-28T07:57:03.169Z] Session [ded4f7c0-5498-11e6-902f-19ce73b3854f] - page.settings - {"XSSAuditingEnabled":false,"javascriptCanCloseWindows":true,"javascriptCanOpenWindows":true,"javascriptEnabled":true,"loadImages":true,"localToRemoteUrlAccessEnabled":false,"userAgent":"Mozilla/5.0 (Macintosh; Intel Mac OS X) AppleWebKit/538.1 (KHTML, like Gecko) PhantomJS/2.1.1 Safari/538.1","webSecurityEnabled":true}
[INFO  - 2016-07-28T07:57:03.169Z] Session [ded4f7c0-5498-11e6-902f-19ce73b3854f] - page.customHeaders:  - {}
[INFO  - 2016-07-28T07:57:03.169Z] Session [ded4f7c0-5498-11e6-902f-19ce73b3854f] - Session.negotiatedCapabilities - {"browserName":"phantomjs","version":"2.1.1","driverName":"ghostdriver","driverVersion":"1.2.0","platform":"mac-10.10 (Yosemite)-64bit","javascriptEnabled":true,"takesScreenshot":true,"handlesAlerts":false,"databaseEnabled":false,"locationContextEnabled":false,"applicationCacheEnabled":false,"browserConnectionEnabled":false,"cssSelectorsEnabled":true,"webStorageEnabled":false,"rotatable":false,"acceptSslCerts":false,"nativeEvents":true,"proxy":{"proxyType":"direct"}}
[INFO  - 2016-07-28T07:57:03.170Z] SessionManagerReqHand - _postNewSessionCommand - New Session Created: ded4f7c0-5498-11e6-902f-19ce73b3854f
[INFO  - 2016-07-28T07:57:03.940Z] ShutdownReqHand - _handle - About to shutdown
[INFO  - 2016-07-28T07:59:42.797Z] GhostDriver - Main - running on port 31598
[INFO  - 2016-07-28T07:59:43.298Z] Session [3e46dde0-5499-11e6-b677-4bb8eaf1de0a] - page.settings - {"XSSAuditingEnabled":false,"javascriptCanCloseWindows":true,"javascriptCanOpenWindows":true,"javascriptEnabled":true,"loadImages":true,"localToRemoteUrlAccessEnabled":false,"userAgent":"Mozilla/5.0 (Macintosh; Intel Mac OS X) AppleWebKit/538.1 (KHTML, like Gecko) PhantomJS/2.1.1 Safari/538.1","webSecurityEnabled":true}
[INFO  - 2016-07-28T07:59:43.298Z] Session [3e46dde0-5499-11e6-b677-4bb8eaf1de0a] - page.customHeaders:  - {}
[INFO  - 2016-07-28T07:59:43.299Z] Session [3e46dde0-5499-11e6-b677-4bb8eaf1de0a] - Session.negotiatedCapabilities - {"browserName":"phantomjs","version":"2.1.1","driverName":"ghostdriver","driverVersion":"1.2.0","platform":"mac-10.10 (Yosemite)-64bit","javascriptEnabled":true,"takesScreenshot":true,"handlesAlerts":false,"databaseEnabled":false,"locationContextEnabled":false,"applicationCacheEnabled":false,"browserConnectionEnabled":false,"cssSelectorsEnabled":true,"webStorageEnabled":false,"rotatable":false,"acceptSslCerts":false,"nativeEvents":true,"proxy":{"proxyType":"direct"}}
[INFO  - 2016-07-28T07:59:43.299Z] SessionManagerReqHand - _postNewSessionCommand - New Session Created: 3e46dde0-5499-11e6-b677-4bb8eaf1de0a
[INFO  - 2016-07-28T07:59:43.758Z] ShutdownReqHand - _handle - About to shutdown
[INFO  - 2016-07-28T08:00:56.943Z] GhostDriver - Main - running on port 46919
[INFO  - 2016-07-28T08:00:57.399Z] Session [6a71a120-5499-11e6-b331-87e9cffb4491] - page.settings - {"XSSAuditingEnabled":false,"javascriptCanCloseWindows":true,"javascriptCanOpenWindows":true,"javascriptEnabled":true,"loadImages":true,"localToRemoteUrlAccessEnabled":false,"userAgent":"Mozilla/5.0 (Macintosh; Intel Mac OS X) AppleWebKit/538.1 (KHTML, like Gecko) PhantomJS/2.1.1 Safari/538.1","webSecurityEnabled":true}
[INFO  - 2016-07-28T08:00:57.399Z] Session [6a71a120-5499-11e6-b331-87e9cffb4491] - page.customHeaders:  - {}
[INFO  - 2016-07-28T08:00:57.399Z] Session [6a71a120-5499-11e6-b331-87e9cffb4491] - Session.negotiatedCapabilities - {"browserName":"phantomjs","version":"2.1.1","driverName":"ghostdriver","driverVersion":"1.2.0","platform":"mac-10.10 (Yosemite)-64bit","javascriptEnabled":true,"takesScreenshot":true,"handlesAlerts":false,"databaseEnabled":false,"locationContextEnabled":false,"applicationCacheEnabled":false,"browserConnectionEnabled":false,"cssSelectorsEnabled":true,"webStorageEnabled":false,"rotatable":false,"acceptSslCerts":false,"nativeEvents":true,"proxy":{"proxyType":"direct"}}
[INFO  - 2016-07-28T08:00:57.399Z] SessionManagerReqHand - _postNewSessionCommand - New Session Created: 6a71a120-5499-11e6-b331-87e9cffb4491
[INFO  - 2016-07-28T08:00:58.713Z] ShutdownReqHand - _handle - About to shutdown
[INFO  - 2016-07-28T08:07:55.732Z] GhostDriver - Main - running on port 31236
[INFO  - 2016-07-28T08:07:56.091Z] Session [64003210-549a-11e6-a56b-07a84af43e55] - page.settings - {"XSSAuditingEnabled":false,"javascriptCanCloseWindows":true,"javascriptCanOpenWindows":true,"javascriptEnabled":true,"loadImages":true,"localToRemoteUrlAccessEnabled":false,"userAgent":"Mozilla/5.0 (Macintosh; Intel Mac OS X) AppleWebKit/538.1 (KHTML, like Gecko) PhantomJS/2.1.1 Safari/538.1","webSecurityEnabled":true}
[INFO  - 2016-07-28T08:07:56.091Z] Session [64003210-549a-11e6-a56b-07a84af43e55] - page.customHeaders:  - {}
[INFO  - 2016-07-28T08:07:56.092Z] Session [64003210-549a-11e6-a56b-07a84af43e55] - Session.negotiatedCapabilities - {"browserName":"phantomjs","version":"2.1.1","driverName":"ghostdriver","driverVersion":"1.2.0","platform":"mac-10.10 (Yosemite)-64bit","javascriptEnabled":true,"takesScreenshot":true,"handlesAlerts":false,"databaseEnabled":false,"locationContextEnabled":false,"applicationCacheEnabled":false,"browserConnectionEnabled":false,"cssSelectorsEnabled":true,"webStorageEnabled":false,"rotatable":false,"acceptSslCerts":false,"nativeEvents":true,"proxy":{"proxyType":"direct"}}
[INFO  - 2016-07-28T08:07:56.092Z] SessionManagerReqHand - _postNewSessionCommand - New Session Created: 64003210-549a-11e6-a56b-07a84af43e55
[INFO  - 2016-07-28T08:07:57.146Z] ShutdownReqHand - _handle - About to shutdown
[INFO  - 2016-07-28T08:09:17.621Z] GhostDriver - Main - running on port 11401
[INFO  - 2016-07-28T08:09:18.184Z] Session [94ef0d10-549a-11e6-aaf6-1b5a5ffe27da] - page.settings - {"XSSAuditingEnabled":false,"javascriptCanCloseWindows":true,"javascriptCanOpenWindows":true,"javascriptEnabled":true,"loadImages":true,"localToRemoteUrlAccessEnabled":false,"userAgent":"Mozilla/5.0 (Macintosh; Intel Mac OS X) AppleWebKit/538.1 (KHTML, like Gecko) PhantomJS/2.1.1 Safari/538.1","webSecurityEnabled":true}
[INFO  - 2016-07-28T08:09:18.184Z] Session [94ef0d10-549a-11e6-aaf6-1b5a5ffe27da] - page.customHeaders:  - {}
[INFO  - 2016-07-28T08:09:18.184Z] Session [94ef0d10-549a-11e6-aaf6-1b5a5ffe27da] - Session.negotiatedCapabilities - {"browserName":"phantomjs","version":"2.1.1","driverName":"ghostdriver","driverVersion":"1.2.0","platform":"mac-10.10 (Yosemite)-64bit","javascriptEnabled":true,"takesScreenshot":true,"handlesAlerts":false,"databaseEnabled":false,"locationContextEnabled":false,"applicationCacheEnabled":false,"browserConnectionEnabled":false,"cssSelectorsEnabled":true,"webStorageEnabled":false,"rotatable":false,"acceptSslCerts":false,"nativeEvents":true,"proxy":{"proxyType":"direct"}}
[INFO  - 2016-07-28T08:09:18.185Z] SessionManagerReqHand - _postNewSessionCommand - New Session Created: 94ef0d10-549a-11e6-aaf6-1b5a5ffe27da
[INFO  - 2016-07-28T08:09:19.232Z] ShutdownReqHand - _handle - About to shutdown
[INFO  - 2016-07-28T14:30:38.595Z] GhostDriver - Main - running on port 14454
[INFO  - 2016-07-28T14:30:38.817Z] Session [dada6c90-54cf-11e6-bc19-83b7277fbdc5] - page.settings - {"XSSAuditingEnabled":false,"javascriptCanCloseWindows":true,"javascriptCanOpenWindows":true,"javascriptEnabled":true,"loadImages":true,"localToRemoteUrlAccessEnabled":false,"userAgent":"Mozilla/5.0 (Macintosh; Intel Mac OS X) AppleWebKit/538.1 (KHTML, like Gecko) PhantomJS/2.1.1 Safari/538.1","webSecurityEnabled":true}
[INFO  - 2016-07-28T14:30:38.817Z] Session [dada6c90-54cf-11e6-bc19-83b7277fbdc5] - page.customHeaders:  - {}
[INFO  - 2016-07-28T14:30:38.817Z] Session [dada6c90-54cf-11e6-bc19-83b7277fbdc5] - Session.negotiatedCapabilities - {"browserName":"phantomjs","version":"2.1.1","driverName":"ghostdriver","driverVersion":"1.2.0","platform":"mac-10.10 (Yosemite)-64bit","javascriptEnabled":true,"takesScreenshot":true,"handlesAlerts":false,"databaseEnabled":false,"locationContextEnabled":false,"applicationCacheEnabled":false,"browserConnectionEnabled":false,"cssSelectorsEnabled":true,"webStorageEnabled":false,"rotatable":false,"acceptSslCerts":false,"nativeEvents":true,"proxy":{"proxyType":"direct"}}
[INFO  - 2016-07-28T14:30:38.817Z] SessionManagerReqHand - _postNewSessionCommand - New Session Created: dada6c90-54cf-11e6-bc19-83b7277fbdc5
[INFO  - 2016-07-28T14:30:40.906Z] ShutdownReqHand - _handle - About to shutdown
